#
# There is insufficient memory for the Java Runtime Environment to continue.
# Native memory allocation (malloc) failed to allocate 32744 bytes. Error detail: Chunk::new
# Possible reasons:
#   The system is out of physical RAM or swap space
#   This process is running with CompressedOops enabled, and the Java Heap may be blocking the growth of the native heap
# Possible solutions:
#   Reduce memory load on the system
#   Increase physical memory or swap space
#   Check if swap backing store is full
#   Decrease Java heap size (-Xmx/-Xms)
#   Decrease number of Java threads
#   Decrease Java thread stack sizes (-Xss)
#   Set larger code cache with -XX:ReservedCodeCacheSize=
#   JVM is running with Unscaled Compressed Oops mode in which the Java heap is
#     placed in the first 4GB address space. The Java Heap base address is the
#     maximum limit for the native heap growth. Please use -XX:HeapBaseMinAddress
#     to set the Java Heap base and to place the Java Heap above 4GB virtual address.
# This output file may be truncated or incomplete.
#
#  Out of Memory Error (arena.cpp:168), pid=11072, tid=13764
#
# JRE version: OpenJDK Runtime Environment (21.0.8) (build 21.0.8+-14196175-b1038.72)
# Java VM: OpenJDK 64-Bit Server VM (21.0.8+-14196175-b1038.72, mixed mode, tiered, compressed oops, compressed class ptrs, g1 gc, windows-amd64)
# No core dump will be written. Minidumps are not enabled by default on client versions of Windows
#

---------------  S U M M A R Y ------------

Command Line: -Dorg.gradle.appname=gradlew org.gradle.wrapper.GradleWrapperMain -q -Ptarget-platform=android-arm,android-arm64,android-x64 -Ptarget=lib\main.dart -Pbase-application-name=android.app.Application -Pdart-defines=RkxVVFRFUl9WRVJTSU9OPTMuNDEuNA==,RkxVVFRFUl9DSEFOTkVMPXN0YWJsZQ==,RkxVVFRFUl9HSVRfVVJMPWh0dHBzOi8vZ2l0aHViLmNvbS9mbHV0dGVyL2ZsdXR0ZXIuZ2l0,RkxVVFRFUl9GUkFNRVdPUktfUkVWSVNJT049ZmYzN2JlZjYwMw==,RkxVVFRFUl9FTkdJTkVfUkVWSVNJT049ZTRiOGRjYTNmMQ==,RkxVVFRFUl9EQVJUX1ZFUlNJT049My4xMS4x -Pdart-obfuscation=false -Ptrack-widget-creation=true -Ptree-shake-icons=true assembleRelease

Host: Intel(R) Pentium(R) Silver N5030 CPU @ 1.10GHz, 4 cores, 7G,  Windows 11 , 64 bit Build 26100 (10.0.26100.8246)
Time: Sun Apr 19 07:19:27 2026 Pacific Daylight Time elapsed time: 484.469682 seconds (0d 0h 8m 4s)

---------------  T H R E A D  ---------------

Current thread (0x000001764707b1f0):  JavaThread "C2 CompilerThread0" daemon [_thread_in_native, id=13764, stack(0x000000646ef00000,0x000000646f000000) (1024K)]


Current CompileTask:
C2:484469 2161       4       org.gradle.internal.logging.sink.OutputEventTransformer::onOutput (369 bytes)

Stack: [0x000000646ef00000,0x000000646f000000]
Native frames: (J=compiled Java code, j=interpreted, Vv=VM code, C=native code)
V  [jvm.dll+0x6d68d9]
V  [jvm.dll+0x866693]
V  [jvm.dll+0x868c4e]
V  [jvm.dll+0x869333]
V  [jvm.dll+0x280566]
V  [jvm.dll+0xc07cd]
V  [jvm.dll+0xc0d03]
V  [jvm.dll+0xc08f5]
V  [jvm.dll+0x6b46ba]
V  [jvm.dll+0x882fc]
V  [jvm.dll+0x6ee0c5]
V  [jvm.dll+0x6e8f1b]
V  [jvm.dll+0x6e83c2]
V  [jvm.dll+0x6e658a]
V  [jvm.dll+0x1ca57c]
V  [jvm.dll+0x2f4b74]
V  [jvm.dll+0x6f0cc6]
V  [jvm.dll+0x6e8f1b]
V  [jvm.dll+0x6e83c2]
V  [jvm.dll+0x6e658a]
V  [jvm.dll+0x1ca57c]
V  [jvm.dll+0x1cb12a]
V  [jvm.dll+0x2f4b74]
V  [jvm.dll+0x6f0cc6]
V  [jvm.dll+0x6e8f1b]
V  [jvm.dll+0x6e83c2]
V  [jvm.dll+0x6e658a]
V  [jvm.dll+0x1ca57c]
V  [jvm.dll+0x1cb12a]
V  [jvm.dll+0x1cb12a]
V  [jvm.dll+0x2f4b74]
V  [jvm.dll+0x6f0cc6]
V  [jvm.dll+0x6e8f1b]
V  [jvm.dll+0x6e83c2]
V  [jvm.dll+0x6e658a]
V  [jvm.dll+0x1ca57c]
V  [jvm.dll+0x1cb12a]
V  [jvm.dll+0x1cb12a]
V  [jvm.dll+0x2f4b74]
V  [jvm.dll+0x6f0cc6]
V  [jvm.dll+0x6e8f1b]
V  [jvm.dll+0x6e83c2]
V  [jvm.dll+0x6e658a]
V  [jvm.dll+0x1ca57c]
V  [jvm.dll+0x2483bd]
V  [jvm.dll+0x1c73a4]
V  [jvm.dll+0x257f9e]
V  [jvm.dll+0x2564e6]
V  [jvm.dll+0x3f4696]
V  [jvm.dll+0x80eac8]
V  [jvm.dll+0x6d512d]
C  [ucrtbase.dll+0x37b0]
C  [KERNEL32.DLL+0x2e8d7]
C  [ntdll.dll+0x8c3fc]


---------------  P R O C E S S  ---------------

Threads class SMR info:
_java_thread_list=0x0000017648462340, length=12, elements={
0x0000017629a74fb0, 0x00000176470475b0, 0x000001764704c690, 0x000001764704e2d0,
0x00000176470644b0, 0x0000017647064b20, 0x0000017647065580, 0x0000017647076830,
0x000001764707b1f0, 0x00000176470aaa20, 0x00000176471d6810, 0x00000176480ba3e0
}

Java Threads: ( => current thread )
  0x0000017629a74fb0 JavaThread "main"                              [_thread_blocked, id=19340, stack(0x000000646e000000,0x000000646e100000) (1024K)]
  0x00000176470475b0 JavaThread "Common-Cleaner"             daemon [_thread_blocked, id=9812, stack(0x000000646e800000,0x000000646e900000) (1024K)]
  0x000001764704c690 JavaThread "Reference Handler"          daemon [_thread_blocked, id=7920, stack(0x000000646e900000,0x000000646ea00000) (1024K)]
  0x000001764704e2d0 JavaThread "Finalizer"                  daemon [_thread_blocked, id=3388, stack(0x000000646ea00000,0x000000646eb00000) (1024K)]
  0x00000176470644b0 JavaThread "Signal Dispatcher"          daemon [_thread_blocked, id=2132, stack(0x000000646eb00000,0x000000646ec00000) (1024K)]
  0x0000017647064b20 JavaThread "Attach Listener"            daemon [_thread_blocked, id=11128, stack(0x000000646ec00000,0x000000646ed00000) (1024K)]
  0x0000017647065580 JavaThread "Service Thread"             daemon [_thread_blocked, id=9888, stack(0x000000646ed00000,0x000000646ee00000) (1024K)]
  0x0000017647076830 JavaThread "Monitor Deflation Thread"   daemon [_thread_blocked, id=19544, stack(0x000000646ee00000,0x000000646ef00000) (1024K)]
=>0x000001764707b1f0 JavaThread "C2 CompilerThread0"         daemon [_thread_in_native, id=13764, stack(0x000000646ef00000,0x000000646f000000) (1024K)]
  0x00000176470aaa20 JavaThread "C1 CompilerThread0"         daemon [_thread_blocked, id=14228, stack(0x000000646f000000,0x000000646f100000) (1024K)]
  0x00000176471d6810 JavaThread "Notification Thread"        daemon [_thread_blocked, id=19496, stack(0x000000646f100000,0x000000646f200000) (1024K)]
  0x00000176480ba3e0 JavaThread "pool-1-thread-1"                   [_thread_in_native, id=5160, stack(0x000000646f500000,0x000000646f600000) (1024K)]
Total: 12

Other Threads:
  0x0000017642bccc50 VMThread "VM Thread"                           [id=2288, stack(0x000000646e700000,0x000000646e800000) (1024K)]
  0x0000017642b862b0 WatcherThread "VM Periodic Task Thread"        [id=12216, stack(0x000000646e600000,0x000000646e700000) (1024K)]
  0x000001762bebf850 WorkerThread "GC Thread#0"                     [id=15268, stack(0x000000646e100000,0x000000646e200000) (1024K)]
  0x000001764751a4e0 WorkerThread "GC Thread#1"                     [id=13980, stack(0x000000646f200000,0x000000646f300000) (1024K)]
  0x000001764751a880 WorkerThread "GC Thread#2"                     [id=21200, stack(0x000000646f300000,0x000000646f400000) (1024K)]
  0x00000176475acdf0 WorkerThread "GC Thread#3"                     [id=20260, stack(0x000000646f400000,0x000000646f500000) (1024K)]
  0x000001762bed02b0 ConcurrentGCThread "G1 Main Marker"            [id=13876, stack(0x000000646e200000,0x000000646e300000) (1024K)]
  0x000001762bed1bf0 WorkerThread "G1 Conc#0"                       [id=17908, stack(0x000000646e300000,0x000000646e400000) (1024K)]
  0x000001762bf2e6c0 ConcurrentGCThread "G1 Refine#0"               [id=3588, stack(0x000000646e400000,0x000000646e500000) (1024K)]
  0x0000017642a5c140 ConcurrentGCThread "G1 Service"                [id=2156, stack(0x000000646e500000,0x000000646e600000) (1024K)]
Total: 10

Threads with active compile tasks:
C2 CompilerThread0  484628 2161       4       org.gradle.internal.logging.sink.OutputEventTransformer::onOutput (369 bytes)
Total: 1

VM state: not at safepoint (normal execution)

VM Mutex/Monitor currently owned by a thread: None

Heap address: 0x0000000082c00000, size: 2004 MB, Compressed Oops mode: 32-bit

CDS archive(s) not mapped
Compressed class space mapped at: 0x0000000100000000-0x0000000140000000, reserved size: 1073741824
Narrow klass base: 0x0000000000000000, Narrow klass shift: 3, Narrow klass range: 0x140000000

GC Precious Log:
 CardTable entry size: 512
 Card Set container configuration: InlinePtr #cards 5 size 8 Array Of Cards #cards 12 size 40 Howl #buckets 4 coarsen threshold 1843 Howl Bitmap #cards 512 size 80 coarsen threshold 460 Card regions per heap region 1 cards per card region 2048
 CPUs: 4 total, 4 available
 Memory: 8011M
 Large Page Support: Disabled
 NUMA Support: Disabled
 Compressed Oops: Enabled (32-bit)
 Heap Region Size: 1M
 Heap Min Capacity: 8M
 Heap Initial Capacity: 126M
 Heap Max Capacity: 2004M
 Pre-touch: Disabled
 Parallel Workers: 4
 Concurrent Workers: 1
 Concurrent Refinement Workers: 4
 Periodic GC: Disabled

Heap:
 garbage-first heap   total 129024K, used 46820K [0x0000000082c00000, 0x0000000100000000)
  region size 1024K, 41 young (41984K), 4 survivors (4096K)
 Metaspace       used 19574K, committed 19904K, reserved 1114112K
  class space    used 2310K, committed 2496K, reserved 1048576K

Heap Regions: E=young(eden), S=young(survivor), O=old, HS=humongous(starts), HC=humongous(continues), CS=collection set, F=free, TAMS=top-at-mark-start, PB=parsable bottom
|   0|0x0000000082c00000, 0x0000000082d00000, 0x0000000082d00000|100%|HS|  |TAMS 0x0000000082c00000| PB 0x0000000082c00000| Complete 
|   1|0x0000000082d00000, 0x0000000082e00000, 0x0000000082e00000|100%|HC|  |TAMS 0x0000000082d00000| PB 0x0000000082d00000| Complete 
|   2|0x0000000082e00000, 0x0000000082f00000, 0x0000000082f00000|100%|HC|  |TAMS 0x0000000082e00000| PB 0x0000000082e00000| Complete 
|   3|0x0000000082f00000, 0x0000000083000000, 0x0000000083000000|100%| O|  |TAMS 0x0000000082f00000| PB 0x0000000082f00000| Untracked 
|   4|0x0000000083000000, 0x0000000083100000, 0x0000000083100000|100%| O|  |TAMS 0x0000000083000000| PB 0x0000000083000000| Untracked 
|   5|0x0000000083100000, 0x00000000831b9000, 0x0000000083200000| 72%| O|  |TAMS 0x0000000083100000| PB 0x0000000083100000| Untracked 
|   6|0x0000000083200000, 0x0000000083200000, 0x0000000083300000|  0%| F|  |TAMS 0x0000000083200000| PB 0x0000000083200000| Untracked 
|   7|0x0000000083300000, 0x0000000083300000, 0x0000000083400000|  0%| F|  |TAMS 0x0000000083300000| PB 0x0000000083300000| Untracked 
|   8|0x0000000083400000, 0x0000000083400000, 0x0000000083500000|  0%| F|  |TAMS 0x0000000083400000| PB 0x0000000083400000| Untracked 
|   9|0x0000000083500000, 0x0000000083500000, 0x0000000083600000|  0%| F|  |TAMS 0x0000000083500000| PB 0x0000000083500000| Untracked 
|  10|0x0000000083600000, 0x0000000083600000, 0x0000000083700000|  0%| F|  |TAMS 0x0000000083600000| PB 0x0000000083600000| Untracked 
|  11|0x0000000083700000, 0x0000000083700000, 0x0000000083800000|  0%| F|  |TAMS 0x0000000083700000| PB 0x0000000083700000| Untracked 
|  12|0x0000000083800000, 0x0000000083800000, 0x0000000083900000|  0%| F|  |TAMS 0x0000000083800000| PB 0x0000000083800000| Untracked 
|  13|0x0000000083900000, 0x0000000083900000, 0x0000000083a00000|  0%| F|  |TAMS 0x0000000083900000| PB 0x0000000083900000| Untracked 
|  14|0x0000000083a00000, 0x0000000083a00000, 0x0000000083b00000|  0%| F|  |TAMS 0x0000000083a00000| PB 0x0000000083a00000| Untracked 
|  15|0x0000000083b00000, 0x0000000083b00000, 0x0000000083c00000|  0%| F|  |TAMS 0x0000000083b00000| PB 0x0000000083b00000| Untracked 
|  16|0x0000000083c00000, 0x0000000083c00000, 0x0000000083d00000|  0%| F|  |TAMS 0x0000000083c00000| PB 0x0000000083c00000| Untracked 
|  17|0x0000000083d00000, 0x0000000083d00000, 0x0000000083e00000|  0%| F|  |TAMS 0x0000000083d00000| PB 0x0000000083d00000| Untracked 
|  18|0x0000000083e00000, 0x0000000083e00000, 0x0000000083f00000|  0%| F|  |TAMS 0x0000000083e00000| PB 0x0000000083e00000| Untracked 
|  19|0x0000000083f00000, 0x0000000083f00000, 0x0000000084000000|  0%| F|  |TAMS 0x0000000083f00000| PB 0x0000000083f00000| Untracked 
|  20|0x0000000084000000, 0x0000000084000000, 0x0000000084100000|  0%| F|  |TAMS 0x0000000084000000| PB 0x0000000084000000| Untracked 
|  21|0x0000000084100000, 0x0000000084100000, 0x0000000084200000|  0%| F|  |TAMS 0x0000000084100000| PB 0x0000000084100000| Untracked 
|  22|0x0000000084200000, 0x0000000084200000, 0x0000000084300000|  0%| F|  |TAMS 0x0000000084200000| PB 0x0000000084200000| Untracked 
|  23|0x0000000084300000, 0x0000000084300000, 0x0000000084400000|  0%| F|  |TAMS 0x0000000084300000| PB 0x0000000084300000| Untracked 
|  24|0x0000000084400000, 0x0000000084400000, 0x0000000084500000|  0%| F|  |TAMS 0x0000000084400000| PB 0x0000000084400000| Untracked 
|  25|0x0000000084500000, 0x0000000084500000, 0x0000000084600000|  0%| F|  |TAMS 0x0000000084500000| PB 0x0000000084500000| Untracked 
|  26|0x0000000084600000, 0x0000000084600000, 0x0000000084700000|  0%| F|  |TAMS 0x0000000084600000| PB 0x0000000084600000| Untracked 
|  27|0x0000000084700000, 0x0000000084700000, 0x0000000084800000|  0%| F|  |TAMS 0x0000000084700000| PB 0x0000000084700000| Untracked 
|  28|0x0000000084800000, 0x0000000084800000, 0x0000000084900000|  0%| F|  |TAMS 0x0000000084800000| PB 0x0000000084800000| Untracked 
|  29|0x0000000084900000, 0x0000000084900000, 0x0000000084a00000|  0%| F|  |TAMS 0x0000000084900000| PB 0x0000000084900000| Untracked 
|  30|0x0000000084a00000, 0x0000000084a00000, 0x0000000084b00000|  0%| F|  |TAMS 0x0000000084a00000| PB 0x0000000084a00000| Untracked 
|  31|0x0000000084b00000, 0x0000000084b00000, 0x0000000084c00000|  0%| F|  |TAMS 0x0000000084b00000| PB 0x0000000084b00000| Untracked 
|  32|0x0000000084c00000, 0x0000000084c00000, 0x0000000084d00000|  0%| F|  |TAMS 0x0000000084c00000| PB 0x0000000084c00000| Untracked 
|  33|0x0000000084d00000, 0x0000000084d00000, 0x0000000084e00000|  0%| F|  |TAMS 0x0000000084d00000| PB 0x0000000084d00000| Untracked 
|  34|0x0000000084e00000, 0x0000000084e00000, 0x0000000084f00000|  0%| F|  |TAMS 0x0000000084e00000| PB 0x0000000084e00000| Untracked 
|  35|0x0000000084f00000, 0x0000000084f00000, 0x0000000085000000|  0%| F|  |TAMS 0x0000000084f00000| PB 0x0000000084f00000| Untracked 
|  36|0x0000000085000000, 0x0000000085000000, 0x0000000085100000|  0%| F|  |TAMS 0x0000000085000000| PB 0x0000000085000000| Untracked 
|  37|0x0000000085100000, 0x0000000085100000, 0x0000000085200000|  0%| F|  |TAMS 0x0000000085100000| PB 0x0000000085100000| Untracked 
|  38|0x0000000085200000, 0x0000000085200000, 0x0000000085300000|  0%| F|  |TAMS 0x0000000085200000| PB 0x0000000085200000| Untracked 
|  39|0x0000000085300000, 0x0000000085300000, 0x0000000085400000|  0%| F|  |TAMS 0x0000000085300000| PB 0x0000000085300000| Untracked 
|  40|0x0000000085400000, 0x0000000085400000, 0x0000000085500000|  0%| F|  |TAMS 0x0000000085400000| PB 0x0000000085400000| Untracked 
|  41|0x0000000085500000, 0x0000000085500000, 0x0000000085600000|  0%| F|  |TAMS 0x0000000085500000| PB 0x0000000085500000| Untracked 
|  42|0x0000000085600000, 0x0000000085600000, 0x0000000085700000|  0%| F|  |TAMS 0x0000000085600000| PB 0x0000000085600000| Untracked 
|  43|0x0000000085700000, 0x0000000085700000, 0x0000000085800000|  0%| F|  |TAMS 0x0000000085700000| PB 0x0000000085700000| Untracked 
|  44|0x0000000085800000, 0x0000000085800000, 0x0000000085900000|  0%| F|  |TAMS 0x0000000085800000| PB 0x0000000085800000| Untracked 
|  45|0x0000000085900000, 0x0000000085900000, 0x0000000085a00000|  0%| F|  |TAMS 0x0000000085900000| PB 0x0000000085900000| Untracked 
|  46|0x0000000085a00000, 0x0000000085a00000, 0x0000000085b00000|  0%| F|  |TAMS 0x0000000085a00000| PB 0x0000000085a00000| Untracked 
|  47|0x0000000085b00000, 0x0000000085b00000, 0x0000000085c00000|  0%| F|  |TAMS 0x0000000085b00000| PB 0x0000000085b00000| Untracked 
|  48|0x0000000085c00000, 0x0000000085c00000, 0x0000000085d00000|  0%| F|  |TAMS 0x0000000085c00000| PB 0x0000000085c00000| Untracked 
|  49|0x0000000085d00000, 0x0000000085d00000, 0x0000000085e00000|  0%| F|  |TAMS 0x0000000085d00000| PB 0x0000000085d00000| Untracked 
|  50|0x0000000085e00000, 0x0000000085e00000, 0x0000000085f00000|  0%| F|  |TAMS 0x0000000085e00000| PB 0x0000000085e00000| Untracked 
|  51|0x0000000085f00000, 0x0000000085f00000, 0x0000000086000000|  0%| F|  |TAMS 0x0000000085f00000| PB 0x0000000085f00000| Untracked 
|  52|0x0000000086000000, 0x0000000086000000, 0x0000000086100000|  0%| F|  |TAMS 0x0000000086000000| PB 0x0000000086000000| Untracked 
|  53|0x0000000086100000, 0x0000000086100000, 0x0000000086200000|  0%| F|  |TAMS 0x0000000086100000| PB 0x0000000086100000| Untracked 
|  54|0x0000000086200000, 0x0000000086200000, 0x0000000086300000|  0%| F|  |TAMS 0x0000000086200000| PB 0x0000000086200000| Untracked 
|  55|0x0000000086300000, 0x0000000086300000, 0x0000000086400000|  0%| F|  |TAMS 0x0000000086300000| PB 0x0000000086300000| Untracked 
|  56|0x0000000086400000, 0x0000000086400000, 0x0000000086500000|  0%| F|  |TAMS 0x0000000086400000| PB 0x0000000086400000| Untracked 
|  57|0x0000000086500000, 0x0000000086500000, 0x0000000086600000|  0%| F|  |TAMS 0x0000000086500000| PB 0x0000000086500000| Untracked 
|  58|0x0000000086600000, 0x0000000086600000, 0x0000000086700000|  0%| F|  |TAMS 0x0000000086600000| PB 0x0000000086600000| Untracked 
|  59|0x0000000086700000, 0x0000000086700000, 0x0000000086800000|  0%| F|  |TAMS 0x0000000086700000| PB 0x0000000086700000| Untracked 
|  60|0x0000000086800000, 0x0000000086800000, 0x0000000086900000|  0%| F|  |TAMS 0x0000000086800000| PB 0x0000000086800000| Untracked 
|  61|0x0000000086900000, 0x0000000086900000, 0x0000000086a00000|  0%| F|  |TAMS 0x0000000086900000| PB 0x0000000086900000| Untracked 
|  62|0x0000000086a00000, 0x0000000086a00000, 0x0000000086b00000|  0%| F|  |TAMS 0x0000000086a00000| PB 0x0000000086a00000| Untracked 
|  63|0x0000000086b00000, 0x0000000086b00000, 0x0000000086c00000|  0%| F|  |TAMS 0x0000000086b00000| PB 0x0000000086b00000| Untracked 
|  64|0x0000000086c00000, 0x0000000086c00000, 0x0000000086d00000|  0%| F|  |TAMS 0x0000000086c00000| PB 0x0000000086c00000| Untracked 
|  65|0x0000000086d00000, 0x0000000086d00000, 0x0000000086e00000|  0%| F|  |TAMS 0x0000000086d00000| PB 0x0000000086d00000| Untracked 
|  66|0x0000000086e00000, 0x0000000086e00000, 0x0000000086f00000|  0%| F|  |TAMS 0x0000000086e00000| PB 0x0000000086e00000| Untracked 
|  67|0x0000000086f00000, 0x0000000086f00000, 0x0000000087000000|  0%| F|  |TAMS 0x0000000086f00000| PB 0x0000000086f00000| Untracked 
|  68|0x0000000087000000, 0x0000000087000000, 0x0000000087100000|  0%| F|  |TAMS 0x0000000087000000| PB 0x0000000087000000| Untracked 
|  69|0x0000000087100000, 0x0000000087100000, 0x0000000087200000|  0%| F|  |TAMS 0x0000000087100000| PB 0x0000000087100000| Untracked 
|  70|0x0000000087200000, 0x0000000087200000, 0x0000000087300000|  0%| F|  |TAMS 0x0000000087200000| PB 0x0000000087200000| Untracked 
|  71|0x0000000087300000, 0x0000000087300000, 0x0000000087400000|  0%| F|  |TAMS 0x0000000087300000| PB 0x0000000087300000| Untracked 
|  72|0x0000000087400000, 0x0000000087400000, 0x0000000087500000|  0%| F|  |TAMS 0x0000000087400000| PB 0x0000000087400000| Untracked 
|  73|0x0000000087500000, 0x0000000087500000, 0x0000000087600000|  0%| F|  |TAMS 0x0000000087500000| PB 0x0000000087500000| Untracked 
|  74|0x0000000087600000, 0x0000000087600000, 0x0000000087700000|  0%| F|  |TAMS 0x0000000087600000| PB 0x0000000087600000| Untracked 
|  75|0x0000000087700000, 0x0000000087700000, 0x0000000087800000|  0%| F|  |TAMS 0x0000000087700000| PB 0x0000000087700000| Untracked 
|  76|0x0000000087800000, 0x0000000087800000, 0x0000000087900000|  0%| F|  |TAMS 0x0000000087800000| PB 0x0000000087800000| Untracked 
|  77|0x0000000087900000, 0x0000000087900000, 0x0000000087a00000|  0%| F|  |TAMS 0x0000000087900000| PB 0x0000000087900000| Untracked 
|  78|0x0000000087a00000, 0x0000000087a00000, 0x0000000087b00000|  0%| F|  |TAMS 0x0000000087a00000| PB 0x0000000087a00000| Untracked 
|  79|0x0000000087b00000, 0x0000000087b00000, 0x0000000087c00000|  0%| F|  |TAMS 0x0000000087b00000| PB 0x0000000087b00000| Untracked 
|  80|0x0000000087c00000, 0x0000000087c00000, 0x0000000087d00000|  0%| F|  |TAMS 0x0000000087c00000| PB 0x0000000087c00000| Untracked 
|  81|0x0000000087d00000, 0x0000000087d00000, 0x0000000087e00000|  0%| F|  |TAMS 0x0000000087d00000| PB 0x0000000087d00000| Untracked 
|  82|0x0000000087e00000, 0x0000000087e00000, 0x0000000087f00000|  0%| F|  |TAMS 0x0000000087e00000| PB 0x0000000087e00000| Untracked 
|  83|0x0000000087f00000, 0x0000000087f00000, 0x0000000088000000|  0%| F|  |TAMS 0x0000000087f00000| PB 0x0000000087f00000| Untracked 
|  84|0x0000000088000000, 0x0000000088000000, 0x0000000088100000|  0%| F|  |TAMS 0x0000000088000000| PB 0x0000000088000000| Untracked 
|  85|0x0000000088100000, 0x00000000881d1808, 0x0000000088200000| 81%| E|  |TAMS 0x0000000088100000| PB 0x0000000088100000| Complete 
|  86|0x0000000088200000, 0x0000000088300000, 0x0000000088300000|100%| E|CS|TAMS 0x0000000088200000| PB 0x0000000088200000| Complete 
|  87|0x0000000088300000, 0x0000000088400000, 0x0000000088400000|100%| E|CS|TAMS 0x0000000088300000| PB 0x0000000088300000| Complete 
|  88|0x0000000088400000, 0x0000000088500000, 0x0000000088500000|100%| E|CS|TAMS 0x0000000088400000| PB 0x0000000088400000| Complete 
|  89|0x0000000088500000, 0x0000000088600000, 0x0000000088600000|100%| E|CS|TAMS 0x0000000088500000| PB 0x0000000088500000| Complete 
|  90|0x0000000088600000, 0x0000000088700000, 0x0000000088700000|100%| E|CS|TAMS 0x0000000088600000| PB 0x0000000088600000| Complete 
|  91|0x0000000088700000, 0x0000000088800000, 0x0000000088800000|100%| E|CS|TAMS 0x0000000088700000| PB 0x0000000088700000| Complete 
|  92|0x0000000088800000, 0x0000000088900000, 0x0000000088900000|100%| E|CS|TAMS 0x0000000088800000| PB 0x0000000088800000| Complete 
|  93|0x0000000088900000, 0x0000000088a00000, 0x0000000088a00000|100%| E|CS|TAMS 0x0000000088900000| PB 0x0000000088900000| Complete 
|  94|0x0000000088a00000, 0x0000000088b00000, 0x0000000088b00000|100%| E|CS|TAMS 0x0000000088a00000| PB 0x0000000088a00000| Complete 
|  95|0x0000000088b00000, 0x0000000088c00000, 0x0000000088c00000|100%| E|CS|TAMS 0x0000000088b00000| PB 0x0000000088b00000| Complete 
|  96|0x0000000088c00000, 0x0000000088d00000, 0x0000000088d00000|100%| E|CS|TAMS 0x0000000088c00000| PB 0x0000000088c00000| Complete 
|  97|0x0000000088d00000, 0x0000000088e00000, 0x0000000088e00000|100%| S|CS|TAMS 0x0000000088d00000| PB 0x0000000088d00000| Complete 
|  98|0x0000000088e00000, 0x0000000088f00000, 0x0000000088f00000|100%| S|CS|TAMS 0x0000000088e00000| PB 0x0000000088e00000| Complete 
|  99|0x0000000088f00000, 0x0000000089000000, 0x0000000089000000|100%| S|CS|TAMS 0x0000000088f00000| PB 0x0000000088f00000| Complete 
| 100|0x0000000089000000, 0x0000000089100000, 0x0000000089100000|100%| S|CS|TAMS 0x0000000089000000| PB 0x0000000089000000| Complete 
| 101|0x0000000089100000, 0x0000000089200000, 0x0000000089200000|100%| E|CS|TAMS 0x0000000089100000| PB 0x0000000089100000| Complete 
| 102|0x0000000089200000, 0x0000000089300000, 0x0000000089300000|100%| E|CS|TAMS 0x0000000089200000| PB 0x0000000089200000| Complete 
| 103|0x0000000089300000, 0x0000000089400000, 0x0000000089400000|100%| E|CS|TAMS 0x0000000089300000| PB 0x0000000089300000| Complete 
| 104|0x0000000089400000, 0x0000000089500000, 0x0000000089500000|100%| E|CS|TAMS 0x0000000089400000| PB 0x0000000089400000| Complete 
| 105|0x0000000089500000, 0x0000000089600000, 0x0000000089600000|100%| E|CS|TAMS 0x0000000089500000| PB 0x0000000089500000| Complete 
| 106|0x0000000089600000, 0x0000000089700000, 0x0000000089700000|100%| E|CS|TAMS 0x0000000089600000| PB 0x0000000089600000| Complete 
| 107|0x0000000089700000, 0x0000000089800000, 0x0000000089800000|100%| E|CS|TAMS 0x0000000089700000| PB 0x0000000089700000| Complete 
| 108|0x0000000089800000, 0x0000000089900000, 0x0000000089900000|100%| E|CS|TAMS 0x0000000089800000| PB 0x0000000089800000| Complete 
| 109|0x0000000089900000, 0x0000000089a00000, 0x0000000089a00000|100%| E|CS|TAMS 0x0000000089900000| PB 0x0000000089900000| Complete 
| 110|0x0000000089a00000, 0x0000000089b00000, 0x0000000089b00000|100%| E|CS|TAMS 0x0000000089a00000| PB 0x0000000089a00000| Complete 
| 111|0x0000000089b00000, 0x0000000089c00000, 0x0000000089c00000|100%| E|CS|TAMS 0x0000000089b00000| PB 0x0000000089b00000| Complete 
| 112|0x0000000089c00000, 0x0000000089d00000, 0x0000000089d00000|100%| E|CS|TAMS 0x0000000089c00000| PB 0x0000000089c00000| Complete 
| 113|0x0000000089d00000, 0x0000000089e00000, 0x0000000089e00000|100%| E|CS|TAMS 0x0000000089d00000| PB 0x0000000089d00000| Complete 
| 114|0x0000000089e00000, 0x0000000089f00000, 0x0000000089f00000|100%| E|CS|TAMS 0x0000000089e00000| PB 0x0000000089e00000| Complete 
| 115|0x0000000089f00000, 0x000000008a000000, 0x000000008a000000|100%| E|CS|TAMS 0x0000000089f00000| PB 0x0000000089f00000| Complete 
| 116|0x000000008a000000, 0x000000008a100000, 0x000000008a100000|100%| E|CS|TAMS 0x000000008a000000| PB 0x000000008a000000| Complete 
| 117|0x000000008a100000, 0x000000008a200000, 0x000000008a200000|100%| E|CS|TAMS 0x000000008a100000| PB 0x000000008a100000| Complete 
| 118|0x000000008a200000, 0x000000008a300000, 0x000000008a300000|100%| E|CS|TAMS 0x000000008a200000| PB 0x000000008a200000| Complete 
| 119|0x000000008a300000, 0x000000008a400000, 0x000000008a400000|100%| E|CS|TAMS 0x000000008a300000| PB 0x000000008a300000| Complete 
| 120|0x000000008a400000, 0x000000008a500000, 0x000000008a500000|100%| E|CS|TAMS 0x000000008a400000| PB 0x000000008a400000| Complete 
| 121|0x000000008a500000, 0x000000008a600000, 0x000000008a600000|100%| E|CS|TAMS 0x000000008a500000| PB 0x000000008a500000| Complete 
| 122|0x000000008a600000, 0x000000008a700000, 0x000000008a700000|100%| E|CS|TAMS 0x000000008a600000| PB 0x000000008a600000| Complete 
| 123|0x000000008a700000, 0x000000008a800000, 0x000000008a800000|100%| E|CS|TAMS 0x000000008a700000| PB 0x000000008a700000| Complete 
| 124|0x000000008a800000, 0x000000008a900000, 0x000000008a900000|100%| E|CS|TAMS 0x000000008a800000| PB 0x000000008a800000| Complete 
| 125|0x000000008a900000, 0x000000008aa00000, 0x000000008aa00000|100%| E|CS|TAMS 0x000000008a900000| PB 0x000000008a900000| Complete 

Card table byte_map: [0x000001763e3b0000,0x000001763e7a0000] _byte_map_base: 0x000001763df9a000

Marking Bits: (CMBitMap*) 0x000001762bebff50
 Bits: [0x000001763e7a0000, 0x00000176406f0000)

Polling page: 0x0000017629df0000

Metaspace:

Usage:
  Non-class:     16.86 MB used.
      Class:      2.26 MB used.
       Both:     19.12 MB used.

Virtual space:
  Non-class space:       64.00 MB reserved,      17.00 MB ( 27%) committed,  1 nodes.
      Class space:        1.00 GB reserved,       2.44 MB ( <1%) committed,  1 nodes.
             Both:        1.06 GB reserved,      19.44 MB (  2%) committed. 

Chunk freelists:
   Non-Class:  14.63 MB
       Class:  13.56 MB
        Both:  28.19 MB

MaxMetaspaceSize: unlimited
CompressedClassSpaceSize: 1.00 GB
Initial GC threshold: 21.00 MB
Current GC threshold: 21.00 MB
CDS: off
 - commit_granule_bytes: 65536.
 - commit_granule_words: 8192.
 - virtual_space_node_default_size: 8388608.
 - enlarge_chunks_in_place: 1.
 - use_allocation_guard: 0.


Internal statistics:

num_allocs_failed_limit: 0.
num_arena_births: 298.
num_arena_deaths: 0.
num_vsnodes_births: 2.
num_vsnodes_deaths: 0.
num_space_committed: 311.
num_space_uncommitted: 0.
num_chunks_returned_to_freelist: 0.
num_chunks_taken_from_freelist: 639.
num_chunk_merges: 0.
num_chunk_splits: 402.
num_chunks_enlarged: 273.
num_inconsistent_stats: 0.

CodeHeap 'non-profiled nmethods': size=120000Kb used=1027Kb max_used=1027Kb free=118972Kb
 bounds [0x0000017636a90000, 0x0000017636d00000, 0x000001763dfc0000]
CodeHeap 'profiled nmethods': size=120000Kb used=3981Kb max_used=3981Kb free=116019Kb
 bounds [0x000001762efc0000, 0x000001762f3b0000, 0x00000176364f0000]
CodeHeap 'non-nmethods': size=5760Kb used=1389Kb max_used=1417Kb free=4370Kb
 bounds [0x00000176364f0000, 0x0000017636760000, 0x0000017636a90000]
CodeCache: size=245760Kb, used=6397Kb, max_used=6425Kb, free=239361Kb
 total_blobs=2668, nmethods=2163, adapters=411, full_count=0
Compilation: enabled, stopped_count=0, restarted_count=0

Compilation events (20 events):
Event: 324.409 Thread 0x000001764707b1f0 nmethod 2153 0x0000017636b8cc90 code [0x0000017636b8ce20, 0x0000017636b8cf48]
Event: 324.517 Thread 0x000001764707b1f0 2154       4       org.gradle.internal.logging.serializer.ProgressEventSerializer::read (6 bytes)
Event: 324.535 Thread 0x000001764707b1f0 nmethod 2154 0x0000017636b8d090 code [0x0000017636b8d2c0, 0x0000017636b8d8f0]
Event: 459.793 Thread 0x00000176470aaa20 2156       3       com.esotericsoftware.kryo.io.Input::readString (127 bytes)
Event: 459.795 Thread 0x00000176470aaa20 nmethod 2156 0x000001762f3a0110 code [0x000001762f3a0340, 0x000001762f3a0910]
Event: 459.856 Thread 0x000001764707b1f0 2157       4       java.lang.String::<init> (14 bytes)
Event: 459.866 Thread 0x000001764707b1f0 nmethod 2157 0x0000017636b8e390 code [0x0000017636b8e540, 0x0000017636b8ea58]
Event: 459.893 Thread 0x000001764707b1f0 2158       4       com.esotericsoftware.kryo.io.Input::readUtf8Length (139 bytes)
Event: 459.895 Thread 0x000001764707b1f0 nmethod 2158 0x0000017636b8ed10 code [0x0000017636b8eea0, 0x0000017636b8efd0]
Event: 461.562 Thread 0x000001764707b1f0 2159       4       com.esotericsoftware.kryo.io.Input::readString (127 bytes)
Event: 461.637 Thread 0x000001764707b1f0 nmethod 2159 0x0000017636b8f110 code [0x0000017636b8f360, 0x0000017636b901a0]
Event: 469.495 Thread 0x000001764707b1f0 2160       4       java.util.concurrent.TimeUnit::toMillis (69 bytes)
Event: 469.498 Thread 0x000001764707b1f0 nmethod 2160 0x0000017636b90b10 code [0x0000017636b90ca0, 0x0000017636b90db8]
Event: 484.327 Thread 0x000001764707b1f0 2161       4       org.gradle.internal.logging.sink.OutputEventTransformer::onOutput (369 bytes)
Event: 484.327 Thread 0x00000176470aaa20 2162       3       org.gradle.internal.logging.sink.OutputEventRenderer::onOutput (82 bytes)
Event: 484.331 Thread 0x00000176470aaa20 nmethod 2162 0x000001762f3a0b10 code [0x000001762f3a0d60, 0x000001762f3a1910]
Event: 484.332 Thread 0x00000176470aaa20 2163       3       org.gradle.internal.logging.sink.OutputEventListenerManager$1::onOutput (33 bytes)
Event: 484.333 Thread 0x00000176470aaa20 nmethod 2163 0x000001762f3a1b90 code [0x000001762f3a1d60, 0x000001762f3a2070]
Event: 484.403 Thread 0x00000176470aaa20 2164       3       java.nio.Buffer::<init> (105 bytes)
Event: 484.408 Thread 0x00000176470aaa20 nmethod 2164 0x000001762f3a2210 code [0x000001762f3a24e0, 0x000001762f3a2fa8]

GC Heap History (4 events):
Event: 0.926 GC heap before
{Heap before GC invocations=0 (full 0):
 garbage-first heap   total 129024K, used 13312K [0x0000000082c00000, 0x0000000100000000)
  region size 1024K, 13 young (13312K), 0 survivors (0K)
 Metaspace       used 8549K, committed 8768K, reserved 1114112K
  class space    used 787K, committed 896K, reserved 1048576K
}
Event: 0.931 GC heap after
{Heap after GC invocations=1 (full 0):
 garbage-first heap   total 129024K, used 1543K [0x0000000082c00000, 0x0000000100000000)
  region size 1024K, 2 young (2048K), 2 survivors (2048K)
 Metaspace       used 8549K, committed 8768K, reserved 1114112K
  class space    used 787K, committed 896K, reserved 1048576K
}
Event: 2.109 GC heap before
{Heap before GC invocations=1 (full 0):
 garbage-first heap   total 129024K, used 27143K [0x0000000082c00000, 0x0000000100000000)
  region size 1024K, 25 young (25600K), 2 survivors (2048K)
 Metaspace       used 11128K, committed 11328K, reserved 1114112K
  class space    used 1162K, committed 1216K, reserved 1048576K
}
Event: 2.120 GC heap after
{Heap after GC invocations=2 (full 0):
 garbage-first heap   total 129024K, used 9956K [0x0000000082c00000, 0x0000000100000000)
  region size 1024K, 4 young (4096K), 4 survivors (4096K)
 Metaspace       used 11128K, committed 11328K, reserved 1114112K
  class space    used 1162K, committed 1216K, reserved 1048576K
}

Dll operation events (3 events):
Event: 0.043 Loaded shared library D:\DEV\jbr\bin\java.dll
Event: 0.056 Loaded shared library D:\DEV\jbr\bin\zip.dll
Event: 0.318 Loaded shared library D:\DEV\jbr\bin\verify.dll

Deoptimization events (20 events):
Event: 484.311 Thread 0x0000017629a74fb0 Uncommon trap: trap_request=0xffffffde fr.pc=0x0000017636b797fc relative=0x0000000000001ddc
Event: 484.311 Thread 0x0000017629a74fb0 Uncommon trap: reason=class_check action=maybe_recompile pc=0x0000017636b797fc method=org.gradle.internal.logging.sink.OutputEventTransformer.onOutput(Lorg/gradle/internal/logging/events/OutputEvent;)V @ 272 c2
Event: 484.311 Thread 0x0000017629a74fb0 DEOPT PACKING pc=0x0000017636b797fc sp=0x000000646e0fe2e0
Event: 484.311 Thread 0x0000017629a74fb0 DEOPT UNPACKING pc=0x000001763654469c sp=0x000000646e0fe2c8 mode 2
Event: 484.314 Thread 0x0000017629a74fb0 Uncommon trap: trap_request=0xffffff45 fr.pc=0x0000017636b770e8 relative=0x0000000000000188
Event: 484.314 Thread 0x0000017629a74fb0 Uncommon trap: reason=unstable_if action=reinterpret pc=0x0000017636b770e8 method=org.gradle.internal.logging.sink.OutputEventRenderer.onOutput(Lorg/gradle/internal/logging/events/OutputEvent;)V @ 24 c2
Event: 484.314 Thread 0x0000017629a74fb0 DEOPT PACKING pc=0x0000017636b770e8 sp=0x000000646e0fe3b0
Event: 484.314 Thread 0x0000017629a74fb0 DEOPT UNPACKING pc=0x000001763654469c sp=0x000000646e0fe350 mode 2
Event: 484.314 Thread 0x0000017629a74fb0 Uncommon trap: trap_request=0xffffffde fr.pc=0x0000017636b797fc relative=0x0000000000001ddc
Event: 484.314 Thread 0x0000017629a74fb0 Uncommon trap: reason=class_check action=maybe_recompile pc=0x0000017636b797fc method=org.gradle.internal.logging.sink.OutputEventTransformer.onOutput(Lorg/gradle/internal/logging/events/OutputEvent;)V @ 272 c2
Event: 484.314 Thread 0x0000017629a74fb0 DEOPT PACKING pc=0x0000017636b797fc sp=0x000000646e0fe2e0
Event: 484.314 Thread 0x0000017629a74fb0 DEOPT UNPACKING pc=0x000001763654469c sp=0x000000646e0fe2c8 mode 2
Event: 484.315 Thread 0x0000017629a74fb0 Uncommon trap: trap_request=0xffffffde fr.pc=0x0000017636b797fc relative=0x0000000000001ddc
Event: 484.315 Thread 0x0000017629a74fb0 Uncommon trap: reason=class_check action=maybe_recompile pc=0x0000017636b797fc method=org.gradle.internal.logging.sink.OutputEventTransformer.onOutput(Lorg/gradle/internal/logging/events/OutputEvent;)V @ 272 c2
Event: 484.315 Thread 0x0000017629a74fb0 DEOPT PACKING pc=0x0000017636b797fc sp=0x000000646e0fe2f0
Event: 484.315 Thread 0x0000017629a74fb0 DEOPT UNPACKING pc=0x000001763654469c sp=0x000000646e0fe2d8 mode 2
Event: 484.317 Thread 0x0000017629a74fb0 Uncommon trap: trap_request=0xffffffde fr.pc=0x0000017636b797fc relative=0x0000000000001ddc
Event: 484.317 Thread 0x0000017629a74fb0 Uncommon trap: reason=class_check action=maybe_recompile pc=0x0000017636b797fc method=org.gradle.internal.logging.sink.OutputEventTransformer.onOutput(Lorg/gradle/internal/logging/events/OutputEvent;)V @ 272 c2
Event: 484.317 Thread 0x0000017629a74fb0 DEOPT PACKING pc=0x0000017636b797fc sp=0x000000646e0fe2f0
Event: 484.317 Thread 0x0000017629a74fb0 DEOPT UNPACKING pc=0x000001763654469c sp=0x000000646e0fe2d8 mode 2

Classes loaded (20 events):
Event: 76.752 Loading class java/io/ObjectInputStream$BlockDataInputStream
Event: 76.752 Loading class java/io/ObjectInputStream$BlockDataInputStream done
Event: 76.752 Loading class java/io/ObjectInputStream$PeekInputStream
Event: 76.752 Loading class java/io/ObjectInputStream$PeekInputStream done
Event: 76.752 Loading class java/io/ObjectInputStream$HandleTable
Event: 76.753 Loading class java/io/ObjectInputStream$HandleTable done
Event: 76.753 Loading class java/io/ObjectInputStream$HandleTable$HandleList
Event: 76.753 Loading class java/io/ObjectInputStream$HandleTable$HandleList done
Event: 76.753 Loading class java/io/ObjectInputStream$ValidationList
Event: 76.753 Loading class java/io/ObjectInputStream$ValidationList done
Event: 76.753 Loading class java/io/ObjectInputFilter$Config
Event: 76.753 Loading class java/io/ObjectInputFilter$Config done
Event: 76.753 Loading class java/io/ObjectInputFilter
Event: 76.753 Loading class java/io/ObjectInputFilter done
Event: 76.755 Loading class java/io/ObjectInputFilter$Config$BuiltinFilterFactory
Event: 76.755 Loading class java/io/ObjectInputFilter$Config$BuiltinFilterFactory done
Event: 76.755 Loading class jdk/internal/access/JavaObjectInputFilterAccess
Event: 76.755 Loading class jdk/internal/access/JavaObjectInputFilterAccess done
Event: 122.811 Loading class java/lang/invoke/MethodHandle$1
Event: 122.811 Loading class java/lang/invoke/MethodHandle$1 done

Classes unloaded (0 events):
No events

Classes redefined (0 events):
No events

Internal exceptions (20 events):
Event: 3.590 Thread 0x0000017629a74fb0 Exception <a 'java/lang/NoSuchMethodError'{0x0000000089d84558}: 'java.lang.Object java.lang.invoke.DirectMethodHandle$Holder.invokeStatic(java.lang.Object, java.lang.Object, java.lang.Object, java.lang.Object, java.lang.Object, java.lang.Object, java.lang.Object, java.lang.Object, java.lang.Object, java.lang.Object, java.lang.Object, java.lang.Object, java.lang.Object, java.lang.Object, java.lang.Object, java.lang.Object)'> (0x0000000089d84558) 
thrown [s\src\hotspot\share\interpreter\linkResolver.cpp, lin
Event: 3.595 Thread 0x0000017629a74fb0 Exception <a 'java/lang/NoSuchMethodError'{0x0000000089daa930}: 'java.lang.Object java.lang.invoke.DirectMethodHandle$Holder.invokeStatic(java.lang.Object, java.lang.Object, java.lang.Object, java.lang.Object, java.lang.Object, java.lang.Object, java.lang.Object, java.lang.Object, java.lang.Object, java.lang.Object, java.lang.Object, java.lang.Object, java.lang.Object, java.lang.Object, java.lang.Object, java.lang.Object, java.lang.Object)'> (0x0000000089daa930) 
thrown [s\src\hotspot\share\interpreter\lin
Event: 3.601 Thread 0x0000017629a74fb0 Exception <a 'java/lang/NoSuchMethodError'{0x0000000089dd2360}: 'java.lang.Object java.lang.invoke.DirectMethodHandle$Holder.invokeStatic(java.lang.Object, java.lang.Object, java.lang.Object, java.lang.Object, java.lang.Object, java.lang.Object, java.lang.Object, java.lang.Object, java.lang.Object, java.lang.Object, java.lang.Object, java.lang.Object, java.lang.Object, java.lang.Object, java.lang.Object, java.lang.Object, java.lang.Object, java.lang.Object)'> (0x0000000089dd2360) 
thrown [s\src\hotspot\sha
Event: 3.606 Thread 0x0000017629a74fb0 Exception <a 'java/lang/NoSuchMethodError'{0x0000000089dfaba8}: 'java.lang.Object java.lang.invoke.DirectMethodHandle$Holder.invokeStatic(java.lang.Object, java.lang.Object, java.lang.Object, java.lang.Object, java.lang.Object, java.lang.Object, java.lang.Object, java.lang.Object, java.lang.Object, java.lang.Object, java.lang.Object, java.lang.Object, java.lang.Object, java.lang.Object, java.lang.Object, java.lang.Object, java.lang.Object, java.lang.Object, java.lang.Object)'> (0x0000000089dfaba8) 
thrown 
Event: 3.611 Thread 0x0000017629a74fb0 Exception <a 'java/lang/NoSuchMethodError'{0x0000000089c249c0}: 'java.lang.Object java.lang.invoke.DirectMethodHandle$Holder.invokeStatic(java.lang.Object, java.lang.Object, java.lang.Object, java.lang.Object, java.lang.Object, java.lang.Object, java.lang.Object, java.lang.Object, java.lang.Object, java.lang.Object, java.lang.Object, java.lang.Object, java.lang.Object, java.lang.Object, java.lang.Object, java.lang.Object, java.lang.Object, java.lang.Object, java.lang.Object, java.lang.Object)'> (0x00000000
Event: 3.617 Thread 0x0000017629a74fb0 Exception <a 'java/lang/NoSuchMethodError'{0x0000000089c4f5f8}: 'java.lang.Object java.lang.invoke.DirectMethodHandle$Holder.invokeStatic(java.lang.Object, java.lang.Object, java.lang.Object, java.lang.Object, java.lang.Object, java.lang.Object, java.lang.Object, java.lang.Object, java.lang.Object, java.lang.Object, java.lang.Object, java.lang.Object, java.lang.Object, java.lang.Object, java.lang.Object, java.lang.Object, java.lang.Object, java.lang.Object, java.lang.Object, java.lang.Object, java.lang.Obj
Event: 3.622 Thread 0x0000017629a74fb0 Exception <a 'java/lang/NoSuchMethodError'{0x0000000089c7af28}: 'java.lang.Object java.lang.invoke.DirectMethodHandle$Holder.invokeStatic(java.lang.Object, java.lang.Object, java.lang.Object, java.lang.Object, java.lang.Object, java.lang.Object, java.lang.Object, java.lang.Object, java.lang.Object, java.lang.Object, java.lang.Object, java.lang.Object, java.lang.Object, java.lang.Object, java.lang.Object, java.lang.Object, java.lang.Object, java.lang.Object, java.lang.Object, java.lang.Object, java.lang.Obj
Event: 3.628 Thread 0x0000017629a74fb0 Exception <a 'java/lang/NoSuchMethodError'{0x0000000089ca7380}: 'java.lang.Object java.lang.invoke.DirectMethodHandle$Holder.invokeStatic(java.lang.Object, java.lang.Object, java.lang.Object, java.lang.Object, java.lang.Object, java.lang.Object, java.lang.Object, java.lang.Object, java.lang.Object, java.lang.Object, java.lang.Object, java.lang.Object, java.lang.Object, java.lang.Object, java.lang.Object, java.lang.Object, java.lang.Object, java.lang.Object, java.lang.Object, java.lang.Object, java.lang.Obj
Event: 3.634 Thread 0x0000017629a74fb0 Exception <a 'java/lang/NoSuchMethodError'{0x0000000089cd4658}: 'java.lang.Object java.lang.invoke.DirectMethodHandle$Holder.invokeStatic(java.lang.Object, java.lang.Object, java.lang.Object, java.lang.Object, java.lang.Object, java.lang.Object, java.lang.Object, java.lang.Object, java.lang.Object, java.lang.Object, java.lang.Object, java.lang.Object, java.lang.Object, java.lang.Object, java.lang.Object, java.lang.Object, java.lang.Object, java.lang.Object, java.lang.Object, java.lang.Object, java.lang.Obj
Event: 3.640 Thread 0x0000017629a74fb0 Exception <a 'java/lang/NoSuchMethodError'{0x0000000089b031a8}: 'java.lang.Object java.lang.invoke.DirectMethodHandle$Holder.invokeStatic(java.lang.Object, java.lang.Object, java.lang.Object, java.lang.Object, java.lang.Object, java.lang.Object, java.lang.Object, java.lang.Object, java.lang.Object, java.lang.Object, java.lang.Object, java.lang.Object, java.lang.Object, java.lang.Object, java.lang.Object, java.lang.Object, java.lang.Object, java.lang.Object, java.lang.Object, java.lang.Object, java.lang.Obj
Event: 3.651 Thread 0x0000017629a74fb0 Exception <a 'java/lang/NoSuchMethodError'{0x0000000089b27a48}: 'java.lang.Object java.lang.invoke.DirectMethodHandle$Holder.invokeSpecial(java.lang.Object, java.lang.Object, java.lang.Object, java.lang.Object, java.lang.Object, java.lang.Object, java.lang.Object, java.lang.Object, java.lang.Object, java.lang.Object, java.lang.Object, java.lang.Object, java.lang.Object, java.lang.Object, java.lang.Object, java.lang.Object, java.lang.Object, java.lang.Object, java.lang.Object, java.lang.Object, java.lang.Ob
Event: 3.653 Thread 0x0000017629a74fb0 Exception <a 'java/lang/NoSuchMethodError'{0x0000000089b3d4e0}: 'java.lang.Object java.lang.invoke.DirectMethodHandle$Holder.newInvokeSpecial(java.lang.Object, java.lang.Object, java.lang.Object, java.lang.Object, java.lang.Object, java.lang.Object, java.lang.Object, java.lang.Object, java.lang.Object, java.lang.Object, java.lang.Object, java.lang.Object, java.lang.Object, java.lang.Object, java.lang.Object, java.lang.Object, java.lang.Object, java.lang.Object, java.lang.Object, java.lang.Object, java.lang
Event: 3.654 Thread 0x0000017629a74fb0 Exception <a 'java/lang/NoSuchMethodError'{0x0000000089b436d8}: 'java.lang.Object java.lang.invoke.Invokers$Holder.linkToTargetMethod(java.lang.Object, java.lang.Object, java.lang.Object, java.lang.Object, java.lang.Object, java.lang.Object, java.lang.Object, java.lang.Object, java.lang.Object, java.lang.Object, java.lang.Object, java.lang.Object, java.lang.Object, java.lang.Object, java.lang.Object, java.lang.Object, java.lang.Object, java.lang.Object, java.lang.Object, java.lang.Object, java.lang.Object,
Event: 3.656 Thread 0x0000017629a74fb0 Exception <a 'java/lang/NoSuchMethodError'{0x0000000089b48a48}: 'java.lang.Object java.lang.invoke.DirectMethodHandle$Holder.invokeVirtual(java.lang.Object, java.lang.Object, java.lang.Object, java.lang.Object, java.lang.Object, java.lang.Object, java.lang.Object, java.lang.Object, java.lang.Object, java.lang.Object)'> (0x0000000089b48a48) 
thrown [s\src\hotspot\share\interpreter\linkResolver.cpp, line 784]
Event: 3.906 Thread 0x0000017629a74fb0 Exception <a 'java/lang/NoSuchMethodError'{0x0000000089a3d398}: 'java.lang.Object java.lang.invoke.DirectMethodHandle$Holder.invokeVirtual(java.lang.Object, java.lang.Object, java.lang.Object, java.lang.Object, java.lang.Object, java.lang.Object, java.lang.Object, java.lang.Object, java.lang.Object)'> (0x0000000089a3d398) 
thrown [s\src\hotspot\share\interpreter\linkResolver.cpp, line 784]
Event: 3.948 Thread 0x0000017629a74fb0 Exception <a 'java/lang/NoSuchMethodError'{0x00000000899514a8}: 'java.lang.Object java.lang.invoke.DirectMethodHandle$Holder.invokeVirtual(java.lang.Object, java.lang.Object, java.lang.Object, java.lang.Object, java.lang.Object, java.lang.Object, java.lang.Object, java.lang.Object)'> (0x00000000899514a8) 
thrown [s\src\hotspot\share\interpreter\linkResolver.cpp, line 784]
Event: 4.058 Thread 0x0000017629a74fb0 Exception <a 'java/lang/NoSuchMethodError'{0x0000000089827470}: 'java.lang.Object java.lang.invoke.DirectMethodHandle$Holder.invokeStaticInit(java.lang.Object, java.lang.Object, int, int, int, int)'> (0x0000000089827470) 
thrown [s\src\hotspot\share\interpreter\linkResolver.cpp, line 784]
Event: 4.095 Thread 0x0000017629a74fb0 Implicit null exception at 0x0000017636ad8824 to 0x0000017636ad8dcc
Event: 4.097 Thread 0x0000017629a74fb0 Implicit null exception at 0x0000017636ae83a0 to 0x0000017636ae8938
Event: 4.368 Thread 0x0000017648159660 Exception <a 'java/lang/NoSuchMethodError'{0x00000000892dcf48}: 'void java.lang.invoke.DirectMethodHandle$Holder.invokeStatic(java.lang.Object, long)'> (0x00000000892dcf48) 
thrown [s\src\hotspot\share\interpreter\linkResolver.cpp, line 784]

ZGC Phase Switch (0 events):
No events

VM Operations (20 events):
Event: 322.835 Executing VM operation: Cleanup
Event: 322.835 Executing VM operation: Cleanup done
Event: 323.851 Executing VM operation: Cleanup
Event: 323.851 Executing VM operation: Cleanup done
Event: 324.862 Executing VM operation: Cleanup
Event: 324.862 Executing VM operation: Cleanup done
Event: 325.863 Executing VM operation: Cleanup
Event: 325.863 Executing VM operation: Cleanup done
Event: 354.075 Executing VM operation: Cleanup
Event: 354.075 Executing VM operation: Cleanup done
Event: 360.857 Executing VM operation: HandshakeAllThreads (HandshakeForDeflation)
Event: 360.857 Executing VM operation: HandshakeAllThreads (HandshakeForDeflation) done
Event: 360.857 Executing VM operation: RendezvousGCThreads
Event: 360.857 Executing VM operation: RendezvousGCThreads done
Event: 460.564 Executing VM operation: Cleanup
Event: 460.565 Executing VM operation: Cleanup done
Event: 480.908 Executing VM operation: HandshakeAllThreads (HandshakeForDeflation)
Event: 480.908 Executing VM operation: HandshakeAllThreads (HandshakeForDeflation) done
Event: 480.909 Executing VM operation: RendezvousGCThreads
Event: 480.909 Executing VM operation: RendezvousGCThreads done

Memory protections (0 events):
No events

Nmethod flushes (0 events):
No events

Events (20 events):
Event: 0.270 Loaded shared library D:\DEV\jbr\bin\nio.dll
Event: 0.296 Loaded shared library D:\DEV\jbr\bin\zip.dll
Event: 0.437 Loaded shared library D:\DEV\jbr\bin\jimage.dll
Event: 1.079 Thread 0x00000176470aaa20 Thread added: 0x00000176470a7a70
Event: 2.091 Thread 0x00000176470a7a70 Thread exited: 0x00000176470a7a70
Event: 2.169 Loaded shared library D:\DEV\jbr\bin\management.dll
Event: 2.175 Loaded shared library D:\DEV\jbr\bin\management_ext.dll
Event: 2.829 Loaded shared library C:\Users\ADMIN\.gradle\native\1def1411415f61bf3af743bc5b6707747c0891f09f0c88961ee8f79bc544acac\windows-amd64\native-platform.dll
Event: 2.980 Thread 0x0000017629a74fb0 Thread added: 0x00000176480ba3e0
Event: 3.467 Loaded shared library D:\DEV\jbr\bin\extnet.dll
Event: 3.589 Thread 0x00000176470aaa20 Thread added: 0x00000176470a7a70
Event: 3.864 Thread 0x00000176470a7a70 Thread exited: 0x00000176470a7a70
Event: 4.355 Thread 0x0000017629a74fb0 Thread added: 0x0000017648159660
Event: 4.379 Thread 0x0000017648159660 Thread added: 0x000001764833e220
Event: 4.382 Thread 0x0000017648159660 Thread added: 0x000001764816a780
Event: 4.384 Thread 0x000001764833e220 Thread exited: 0x000001764833e220
Event: 13.050 Thread 0x000001764816a780 Thread exited: 0x000001764816a780
Event: 13.050 Thread 0x0000017648159660 Thread exited: 0x0000017648159660
Event: 13.928 Thread 0x00000176470aaa20 Thread added: 0x00000176470a8140
Event: 14.287 Thread 0x00000176470a8140 Thread exited: 0x00000176470a8140


Dynamic libraries:
0x00007ff6383b0000 - 0x00007ff6383ba000 	D:\DEV\jbr\bin\java.exe
0x00007ffe1cb60000 - 0x00007ffe1cdc7000 	C:\WINDOWS\SYSTEM32\ntdll.dll
0x00007ffe1bfe0000 - 0x00007ffe1c0a9000 	C:\WINDOWS\System32\KERNEL32.DLL
0x00007ffe1a4f0000 - 0x00007ffe1a8e4000 	C:\WINDOWS\System32\KERNELBASE.dll
0x00007ffe1a040000 - 0x00007ffe1a18b000 	C:\WINDOWS\System32\ucrtbase.dll
0x00007ffdebfe0000 - 0x00007ffdebff8000 	D:\DEV\jbr\bin\jli.dll
0x00007ffe1b580000 - 0x00007ffe1b745000 	C:\WINDOWS\System32\USER32.dll
0x00007ffe19f50000 - 0x00007ffe19f77000 	C:\WINDOWS\System32\win32u.dll
0x00007ffe1c150000 - 0x00007ffe1c17b000 	C:\WINDOWS\System32\GDI32.dll
0x00007ffe19430000 - 0x00007ffe1955b000 	C:\WINDOWS\System32\gdi32full.dll
0x00007ffe1a390000 - 0x00007ffe1a433000 	C:\WINDOWS\System32\msvcp_win.dll
0x00007ffdf2030000 - 0x00007ffdf204b000 	D:\DEV\jbr\bin\VCRUNTIME140.dll
0x00007ffe18830000 - 0x00007ffe18ac3000 	C:\WINDOWS\WinSxS\amd64_microsoft.windows.common-controls_6595b64144ccf1df_6.0.26100.8115_none_3e075c82e3354f9c\COMCTL32.dll
0x00007ffe1bbf0000 - 0x00007ffe1bc99000 	C:\WINDOWS\System32\msvcrt.dll
0x00007ffe1c710000 - 0x00007ffe1c742000 	C:\WINDOWS\System32\IMM32.DLL
0x00007ffe01ba0000 - 0x00007ffe01bac000 	D:\DEV\jbr\bin\vcruntime140_1.dll
0x00007ffdb25f0000 - 0x00007ffdb267d000 	D:\DEV\jbr\bin\msvcp140.dll
0x00007ffd4a030000 - 0x00007ffd4acc6000 	D:\DEV\jbr\bin\server\jvm.dll
0x00007ffe1c920000 - 0x00007ffe1c9d6000 	C:\WINDOWS\System32\ADVAPI32.dll
0x00007ffe1ac70000 - 0x00007ffe1ad17000 	C:\WINDOWS\System32\sechost.dll
0x00007ffe1c5f0000 - 0x00007ffe1c708000 	C:\WINDOWS\System32\RPCRT4.dll
0x00007ffe1c0c0000 - 0x00007ffe1c140000 	C:\WINDOWS\System32\WS2_32.dll
0x00007ffe192b0000 - 0x00007ffe1930e000 	C:\WINDOWS\SYSTEM32\POWRPROF.dll
0x00007ffdfc6f0000 - 0x00007ffdfc726000 	C:\WINDOWS\SYSTEM32\WINMM.dll
0x00007ffe114d0000 - 0x00007ffe114db000 	C:\WINDOWS\SYSTEM32\VERSION.dll
0x00007ffe19290000 - 0x00007ffe192a4000 	C:\WINDOWS\SYSTEM32\UMPDC.dll
0x00007ffe17860000 - 0x00007ffe1787b000 	C:\WINDOWS\SYSTEM32\kernel.appcore.dll
0x00007ffe01a50000 - 0x00007ffe01a5a000 	D:\DEV\jbr\bin\jimage.dll
0x00007ffe18be0000 - 0x00007ffe18e22000 	C:\WINDOWS\SYSTEM32\DBGHELP.DLL
0x00007ffe1c210000 - 0x00007ffe1c592000 	C:\WINDOWS\System32\combase.dll
0x00007ffe1bea0000 - 0x00007ffe1bf78000 	C:\WINDOWS\System32\OLEAUT32.dll
0x00007ffe18ad0000 - 0x00007ffe18b0b000 	C:\WINDOWS\SYSTEM32\dbgcore.DLL
0x00007ffe1a440000 - 0x00007ffe1a4e5000 	C:\WINDOWS\System32\bcryptPrimitives.dll
0x00007ffdeae00000 - 0x00007ffdeae20000 	D:\DEV\jbr\bin\java.dll
0x00007ffdeaab0000 - 0x00007ffdeaac8000 	D:\DEV\jbr\bin\zip.dll
0x00007ffe1ada0000 - 0x00007ffe1b507000 	C:\WINDOWS\System32\SHELL32.dll
0x00007ffe1a190000 - 0x00007ffe1a2fa000 	C:\WINDOWS\System32\wintypes.dll
0x00007ffe196e0000 - 0x00007ffe19f48000 	C:\WINDOWS\System32\windows.storage.dll
0x00007ffe1bca0000 - 0x00007ffe1bd98000 	C:\WINDOWS\System32\SHCORE.dll
0x00007ffe1b510000 - 0x00007ffe1b576000 	C:\WINDOWS\System32\shlwapi.dll
0x00007ffe19350000 - 0x00007ffe19379000 	C:\WINDOWS\SYSTEM32\profapi.dll
0x00007ffe01770000 - 0x00007ffe01780000 	D:\DEV\jbr\bin\net.dll
0x00007ffe0f850000 - 0x00007ffe0f97d000 	C:\WINDOWS\SYSTEM32\WINHTTP.dll
0x00007ffe17fb0000 - 0x00007ffe1801c000 	C:\WINDOWS\system32\mswsock.dll
0x00007ffdeaa90000 - 0x00007ffdeaaa6000 	D:\DEV\jbr\bin\nio.dll
0x00007ffdff750000 - 0x00007ffdff760000 	D:\DEV\jbr\bin\verify.dll
0x00007ffe01c00000 - 0x00007ffe01c09000 	D:\DEV\jbr\bin\management.dll
0x00007ffdfce40000 - 0x00007ffdfce4b000 	D:\DEV\jbr\bin\management_ext.dll
0x00007ffe1bbe0000 - 0x00007ffe1bbe8000 	C:\WINDOWS\System32\PSAPI.DLL
0x00007ffde8e50000 - 0x00007ffde8e77000 	C:\Users\ADMIN\.gradle\native\1def1411415f61bf3af743bc5b6707747c0891f09f0c88961ee8f79bc544acac\windows-amd64\native-platform.dll
0x00007ffe17270000 - 0x00007ffe172a2000 	C:\WINDOWS\SYSTEM32\IPHLPAPI.DLL
0x00007ffe1c0b0000 - 0x00007ffe1c0ba000 	C:\WINDOWS\System32\NSI.dll
0x00007ffdfedc0000 - 0x00007ffdfedc9000 	D:\DEV\jbr\bin\extnet.dll
0x00007ffe18f50000 - 0x00007ffe18f6b000 	C:\WINDOWS\SYSTEM32\CRYPTSP.dll
0x00007ffe17980000 - 0x00007ffe179b9000 	C:\WINDOWS\system32\rsaenh.dll
0x00007ffe18060000 - 0x00007ffe18093000 	C:\WINDOWS\SYSTEM32\USERENV.dll
0x00007ffe19320000 - 0x00007ffe1934a000 	C:\WINDOWS\SYSTEM32\bcrypt.dll
0x00007ffe18570000 - 0x00007ffe1857c000 	C:\WINDOWS\SYSTEM32\CRYPTBASE.dll
0x00007ffda8c50000 - 0x00007ffda8c58000 	C:\WINDOWS\system32\wshunix.dll

JVMTI agents: none

dbghelp: loaded successfully - version: 4.0.5 - missing functions: none
symbol engine: initialized successfully - sym options: 0x614 - pdb path: .;D:\DEV\jbr\bin;C:\WINDOWS\SYSTEM32;C:\WINDOWS\WinSxS\amd64_microsoft.windows.common-controls_6595b64144ccf1df_6.0.26100.8115_none_3e075c82e3354f9c;D:\DEV\jbr\bin\server;C:\Users\ADMIN\.gradle\native\1def1411415f61bf3af743bc5b6707747c0891f09f0c88961ee8f79bc544acac\windows-amd64

VM Arguments:
jvm_args: -Dorg.gradle.appname=gradlew 
java_command: org.gradle.wrapper.GradleWrapperMain -q -Ptarget-platform=android-arm,android-arm64,android-x64 -Ptarget=lib\main.dart -Pbase-application-name=android.app.Application -Pdart-defines=RkxVVFRFUl9WRVJTSU9OPTMuNDEuNA==,RkxVVFRFUl9DSEFOTkVMPXN0YWJsZQ==,RkxVVFRFUl9HSVRfVVJMPWh0dHBzOi8vZ2l0aHViLmNvbS9mbHV0dGVyL2ZsdXR0ZXIuZ2l0,RkxVVFRFUl9GUkFNRVdPUktfUkVWSVNJT049ZmYzN2JlZjYwMw==,RkxVVFRFUl9FTkdJTkVfUkVWSVNJT049ZTRiOGRjYTNmMQ==,RkxVVFRFUl9EQVJUX1ZFUlNJT049My4xMS4x -Pdart-obfuscation=false -Ptrack-widget-creation=true -Ptree-shake-icons=true assembleRelease
java_class_path (initial): C:\Users\ADMIN\Documents\GitHub\CHESS-GAME\android\\gradle\wrapper\gradle-wrapper.jar
Launcher Type: SUN_STANDARD

[Global flags]
     intx CICompilerCount                          = 3                                         {product} {ergonomic}
     uint ConcGCThreads                            = 1                                         {product} {ergonomic}
     uint G1ConcRefinementThreads                  = 4                                         {product} {ergonomic}
   size_t G1HeapRegionSize                         = 1048576                                   {product} {ergonomic}
    uintx GCDrainStackTargetSize                   = 64                                        {product} {ergonomic}
   size_t InitialHeapSize                          = 132120576                                 {product} {ergonomic}
   size_t MarkStackSize                            = 4194304                                   {product} {ergonomic}
   size_t MaxHeapSize                              = 2101346304                                {product} {ergonomic}
   size_t MaxNewSize                               = 1260388352                                {product} {ergonomic}
   size_t MinHeapDeltaBytes                        = 1048576                                   {product} {ergonomic}
   size_t MinHeapSize                              = 8388608                                   {product} {ergonomic}
    uintx NonNMethodCodeHeapSize                   = 5832780                                {pd product} {ergonomic}
    uintx NonProfiledCodeHeapSize                  = 122912730                              {pd product} {ergonomic}
    uintx ProfiledCodeHeapSize                     = 122912730                              {pd product} {ergonomic}
    uintx ReservedCodeCacheSize                    = 251658240                              {pd product} {ergonomic}
     bool SegmentedCodeCache                       = true                                      {product} {ergonomic}
   size_t SoftMaxHeapSize                          = 2101346304                             {manageable} {ergonomic}
     bool UseCompressedOops                        = true                           {product lp64_product} {ergonomic}
     bool UseG1GC                                  = true                                      {product} {ergonomic}
     bool UseLargePagesIndividualAllocation        = false                                  {pd product} {ergonomic}

Logging:
Log output configuration:
 #0: stdout all=warning uptime,level,tags foldmultilines=false
 #1: stderr all=off uptime,level,tags foldmultilines=false

Environment Variables:
JAVA_HOME=D:\DEV\jbr
CLASSPATH=C:\Users\ADMIN\Documents\GitHub\CHESS-GAME\android\\gradle\wrapper\gradle-wrapper.jar
PATH=D:\DEV\jbr\bin;C:\WINDOWS\system32;C:\WINDOWS;C:\WINDOWS\System32\Wbem;C:\WINDOWS\System32\WindowsPowerShell\v1.0\;C:\WINDOWS\System32\OpenSSH\;C:\flutter\bin;C:\Users\ADMIN\AppData\Local\Android\Sdk\platform-tools;C:\Program Files\MySQL\MySQL Shell 8.0\bin\;C:\Users\ADMIN\AppData\Local\Microsoft\WindowsApps;C:\Users\ADMIN\AppData\Local\Programs\Microsoft VS Code\bin;C:\Users\ADMIN\AppData\Local\Programs\Antigravity\bin;C:\Users\ADMIN\AppData\Local\GitHubDesktop\bin;C:\flutter\bin\mingit\cmd
USERNAME=ADMIN
OS=Windows_NT
PROCESSOR_IDENTIFIER=Intel64 Family 6 Model 122 Stepping 8, GenuineIntel
TMP=C:\Users\ADMIN\AppData\Local\Temp
TEMP=C:\Users\ADMIN\AppData\Local\Temp




Periodic native trim disabled

JNI global refs:
JNI global refs: 19, weak refs: 0

JNI global refs memory usage: 835, weak refs: 833

Process memory usage:
Resident Set Size: 27052K (0% of 8204032K total physical memory with 619616K free physical memory)

OOME stack traces (most recent first):
Classloader memory used:
Loader bootstrap                                                                       : 14065K
Loader org.gradle.internal.classloader.VisitableURLClassLoader                         : 5013K
Loader java.net.URLClassLoader                                                         : 234K
Loader jdk.internal.loader.ClassLoaders$AppClassLoader                                 : 147K
Loader jdk.internal.loader.ClassLoaders$PlatformClassLoader                            : 113K

Classes loaded by more than one classloader:
Class org.gradle.internal.classloader.ClassLoaderHierarchy                            : loaded 2 times (x 70B)
Class org.gradle.cli.AbstractPropertiesCommandLineConverter                           : loaded 2 times (x 83B)
Class org.gradle.api.internal.classpath.ManifestUtil                                  : loaded 2 times (x 71B)
Class org.gradle.cli.CommandLineParser                                                : loaded 2 times (x 79B)
Class org.gradle.internal.classloader.ClassLoaderVisitor                              : loaded 2 times (x 76B)
Class org.gradle.api.internal.classpath.EffectiveClassPath                            : loaded 2 times (x 90B)
Class org.gradle.internal.service.UnknownServiceException                             : loaded 2 times (x 83B)
Class org.gradle.cli.SystemPropertiesCommandLineConverter                             : loaded 2 times (x 83B)
Class org.gradle.cli.CommandLineArgumentException                                     : loaded 2 times (x 82B)
Class org.gradle.cli.CommandLineParser$KnownOptionParserState                         : loaded 2 times (x 76B)
Class org.gradle.internal.InternalTransformer                                         : loaded 2 times (x 70B)
Class org.gradle.internal.classloader.ClasspathUtil$1                                 : loaded 2 times (x 76B)
Class org.gradle.api.internal.classpath.DefaultModuleRegistry$DefaultModule           : loaded 2 times (x 86B)
Class org.gradle.api.internal.classpath.Module                                        : loaded 2 times (x 70B)
Class org.gradle.api.internal.classpath.UnknownModuleException                        : loaded 2 times (x 82B)
Class org.gradle.internal.classpath.DefaultClassPath$ImmutableUniqueList              : loaded 2 times (x 199B)
Class org.gradle.cli.CommandLineParser$OptionAwareParserState                         : loaded 2 times (x 77B)
Class org.gradle.cli.ParsedCommandLine                                                : loaded 2 times (x 80B)
Class org.gradle.internal.classpath.ClassPath                                         : loaded 2 times (x 70B)
Class org.gradle.cli.CommandLineParser$UnknownOptionParserState                       : loaded 2 times (x 76B)
Class org.gradle.cli.ParsedCommandLineOption                                          : loaded 2 times (x 76B)
Class org.gradle.api.UncheckedIOException                                             : loaded 2 times (x 82B)
Class org.gradle.cli.CommandLineParser$AfterFirstSubCommand                           : loaded 2 times (x 77B)
Class org.gradle.api.internal.classpath.ModuleRegistry                                : loaded 2 times (x 70B)
Class org.gradle.internal.installation.GradleInstallation$1                           : loaded 2 times (x 75B)
Class org.gradle.api.internal.classpath.DefaultModuleRegistry                         : loaded 2 times (x 86B)
Class org.gradle.cli.CommandLineOption                                                : loaded 2 times (x 86B)
Class org.gradle.cli.CommandLineParser$BeforeFirstSubCommand                          : loaded 2 times (x 77B)
Class org.gradle.internal.service.ServiceLookupException                              : loaded 2 times (x 82B)
Class org.gradle.cli.CommandLineParser$OptionParserState                              : loaded 2 times (x 75B)
Class org.gradle.internal.classloader.ClasspathUtil                                   : loaded 2 times (x 71B)
Class org.gradle.api.specs.Spec                                                       : loaded 2 times (x 70B)
Class org.gradle.internal.classpath.DefaultClassPath                                  : loaded 2 times (x 90B)
Class org.gradle.internal.classloader.ClassLoaderSpec                                 : loaded 2 times (x 71B)
Class org.gradle.internal.Cast                                                        : loaded 2 times (x 71B)
Class org.gradle.api.Action                                                           : loaded 2 times (x 70B)
Class org.gradle.internal.classpath.DefaultClassPath$ImmutableUniqueList$Builder      : loaded 2 times (x 75B)
Class org.gradle.cli.AbstractCommandLineConverter                                     : loaded 2 times (x 79B)
Class org.gradle.api.GradleException                                                  : loaded 2 times (x 82B)
Class org.gradle.internal.IoActions                                                   : loaded 2 times (x 71B)
Class org.gradle.internal.classloader.SystemClassLoaderSpec                           : loaded 2 times (x 71B)
Class org.gradle.cli.CommandLineConverter                                             : loaded 2 times (x 70B)
Class org.gradle.cli.CommandLineParser$MissingOptionArgState                          : loaded 2 times (x 77B)
Class org.gradle.cli.CommandLineParser$ParserState                                    : loaded 2 times (x 76B)
Class org.gradle.cli.CommandLineParser$OptionString                                   : loaded 2 times (x 73B)
Class org.gradle.api.internal.classpath.GlobalCacheRootsProvider                      : loaded 2 times (x 70B)
Class org.gradle.internal.installation.CurrentGradleInstallationLocator               : loaded 2 times (x 71B)
Class org.gradle.internal.installation.CurrentGradleInstallation                      : loaded 2 times (x 73B)
Class org.gradle.util.internal.GUtil                                                  : loaded 2 times (x 71B)
Class org.gradle.cli.CommandLineParser$AfterOptions                                   : loaded 2 times (x 77B)
Class org.gradle.internal.installation.GradleInstallation                             : loaded 2 times (x 75B)

---------------  S Y S T E M  ---------------

OS:
 Windows 11 , 64 bit Build 26100 (10.0.26100.8246)
OS uptime: 1 days 6:26 hours
Hyper-V role detected

CPU: total 4 (initial active 4) (4 cores per cpu, 1 threads per core) family 6 model 122 stepping 8 microcode 0x1a, cx8, cmov, fxsr, mmx, 3dnowpref, sse, sse2, sse3, ssse3, sse4.1, sse4.2, popcnt, tsc, tscinvbit, aes, erms, clmul, sha, clflush, clflushopt, hv, rdtscp, rdpid
Processor Information for the first 4 processors :
  Max Mhz: 1101, Current Mhz: 1101, Mhz Limit: 1101

Memory: 4k page, system-wide physical 8011M (603M free)
TotalPageFile size 16372M (AvailPageFile size 0M)
current process WorkingSet (physical memory assigned to process): 31M, peak: 108M
current process commit charge ("private bytes"): 224M, peak: 231M

vm_info: OpenJDK 64-Bit Server VM (21.0.8+-14196175-b1038.72) for windows-amd64 JRE (21.0.8+-14196175-b1038.72), built on 2025-10-01T10:24:33Z by "builder" with MS VC++ 16.10 / 16.11 (VS2019)

END.
